08:15:56.110 [main] TRACE log4j.TestLogMain - Isto é um teste debug
08:15:56.115 [main] DEBUG log4j.TestLogMain - Isto é um teste debug
08:15:56.115 [main] INFO  log4j.TestLogMain - Isto é um teste info
08:15:56.115 [main] WARN  log4j.TestLogMain - Isto é um teste debug
08:15:56.115 [main] ERROR log4j.TestLogMain - Isto é um teste error
08:15:56.115 [main] FATAL log4j.TestLogMain - Isto é um teste fatal
08:15:56.115 [main] TRACE log4j.TestLogMain - Isto é um teste debug
08:15:56.115 [main] DEBUG log4j.TestLogMain - Isto é um teste debug
08:15:56.115 [main] INFO  log4j.TestLogMain - Isto é um teste info
08:15:56.115 [main] WARN  log4j.TestLogMain - Isto é um teste debug
08:15:56.115 [main] ERROR log4j.TestLogMain - Isto é um teste error
08:15:56.116 [main] FATAL log4j.TestLogMain - Isto é um teste fatal
08:15:56.116 [main] TRACE log4j.TestLogMain - Isto é um teste debug
08:15:56.116 [main] DEBUG log4j.TestLogMain - Isto é um teste debug
08:15:56.116 [main] INFO  log4j.TestLogMain - Isto é um teste info
08:15:56.116 [main] WARN  log4j.TestLogMain - Isto é um teste debug
08:15:56.116 [main] ERROR log4j.TestLogMain - Isto é um teste error
08:15:56.116 [main] FATAL log4j.TestLogMain - Isto é um teste fatal
08:15:56.116 [main] TRACE log4j.TestLogMain - Isto é um teste debug
08:15:56.116 [main] DEBUG log4j.TestLogMain - Isto é um teste debug
08:15:56.116 [main] INFO  log4j.TestLogMain - Isto é um teste info
08:15:56.116 [main] WARN  log4j.TestLogMain - Isto é um teste debug
08:15:56.116 [main] ERROR log4j.TestLogMain - Isto é um teste error
08:15:56.116 [main] FATAL log4j.TestLogMain - Isto é um teste fatal
08:15:56.116 [main] TRACE log4j.TestLogMain - Isto é um teste debug
08:15:56.116 [main] DEBUG log4j.TestLogMain - Isto é um teste debug
08:15:56.116 [main] INFO  log4j.TestLogMain - Isto é um teste info
08:15:56.116 [main] WARN  log4j.TestLogMain - Isto é um teste debug
08:15:56.116 [main] ERROR log4j.TestLogMain - Isto é um teste error
08:15:56.116 [main] FATAL log4j.TestLogMain - Isto é um teste fatal
08:15:56.116 [main] TRACE log4j.TestLogMain - Isto é um teste debug
08:15:56.116 [main] DEBUG log4j.TestLogMain - Isto é um teste debug
08:15:56.116 [main] INFO  log4j.TestLogMain - Isto é um teste info
08:15:56.116 [main] WARN  log4j.TestLogMain - Isto é um teste debug
08:15:56.116 [main] ERROR log4j.TestLogMain - Isto é um teste error
08:15:56.116 [main] FATAL log4j.TestLogMain - Isto é um teste fatal
08:15:56.116 [main] TRACE log4j.TestLogMain - Isto é um teste debug
08:15:56.116 [main] DEBUG log4j.TestLogMain - Isto é um teste debug
08:15:56.116 [main] INFO  log4j.TestLogMain - Isto é um teste info
08:15:56.116 [main] WARN  log4j.TestLogMain - Isto é um teste debug
08:15:56.116 [main] ERROR log4j.TestLogMain - Isto é um teste error
08:15:56.116 [main] FATAL log4j.TestLogMain - Isto é um teste fatal
08:15:56.116 [main] TRACE log4j.TestLogMain - Isto é um teste debug
08:15:56.116 [main] DEBUG log4j.TestLogMain - Isto é um teste debug
08:15:56.116 [main] INFO  log4j.TestLogMain - Isto é um teste info
08:15:56.116 [main] WARN  log4j.TestLogMain - Isto é um teste debug
08:15:56.116 [main] ERROR log4j.TestLogMain - Isto é um teste error
08:15:56.116 [main] FATAL log4j.TestLogMain - Isto é um teste fatal
08:15:56.116 [main] TRACE log4j.TestLogMain - Isto é um teste debug
08:15:56.116 [main] DEBUG log4j.TestLogMain - Isto é um teste debug
08:15:56.116 [main] INFO  log4j.TestLogMain - Isto é um teste info
08:15:56.116 [main] WARN  log4j.TestLogMain - Isto é um teste debug
08:15:56.116 [main] ERROR log4j.TestLogMain - Isto é um teste error
08:15:56.116 [main] FATAL log4j.TestLogMain - Isto é um teste fatal
08:15:56.116 [main] TRACE log4j.TestLogMain - Isto é um teste debug
08:15:56.116 [main] DEBUG log4j.TestLogMain - Isto é um teste debug
08:15:56.116 [main] INFO  log4j.TestLogMain - Isto é um teste info
08:15:56.116 [main] WARN  log4j.TestLogMain - Isto é um teste debug
08:15:56.116 [main] ERROR log4j.TestLogMain - Isto é um teste error
08:15:56.116 [main] FATAL log4j.TestLogMain - Isto é um teste fatal
08:15:56.116 [main] TRACE log4j.TestLogMain - Isto é um teste debug
08:15:56.116 [main] DEBUG log4j.TestLogMain - Isto é um teste debug
08:15:56.116 [main] INFO  log4j.TestLogMain - Isto é um teste info
08:15:56.116 [main] WARN  log4j.TestLogMain - Isto é um teste debug
08:15:56.116 [main] ERROR log4j.TestLogMain - Isto é um teste error
08:15:56.116 [main] FATAL log4j.TestLogMain - Isto é um teste fatal
08:15:56.116 [main] TRACE log4j.TestLogMain - Isto é um teste debug
08:15:56.116 [main] DEBUG log4j.TestLogMain - Isto é um teste debug
08:15:56.116 [main] INFO  log4j.TestLogMain - Isto é um teste info
08:15:56.116 [main] WARN  log4j.TestLogMain - Isto é um teste debug
08:15:56.116 [main] ERROR log4j.TestLogMain - Isto é um teste error
08:15:56.116 [main] FATAL log4j.TestLogMain - Isto é um teste fatal
08:15:56.116 [main] TRACE log4j.TestLogMain - Isto é um teste debug
08:15:56.116 [main] DEBUG log4j.TestLogMain - Isto é um teste debug
08:15:56.116 [main] INFO  log4j.TestLogMain - Isto é um teste info
08:15:56.116 [main] WARN  log4j.TestLogMain - Isto é um teste debug
08:15:56.116 [main] ERROR log4j.TestLogMain - Isto é um teste error
08:15:56.116 [main] FATAL log4j.TestLogMain - Isto é um teste fatal
08:15:56.116 [main] TRACE log4j.TestLogMain - Isto é um teste debug
08:15:56.116 [main] DEBUG log4j.TestLogMain - Isto é um teste debug
08:15:56.116 [main] INFO  log4j.TestLogMain - Isto é um teste info
08:15:56.116 [main] WARN  log4j.TestLogMain - Isto é um teste debug
08:15:56.116 [main] ERROR log4j.TestLogMain - Isto é um teste error
08:15:56.116 [main] FATAL log4j.TestLogMain - Isto é um teste fatal
08:15:56.116 [main] TRACE log4j.TestLogMain - Isto é um teste debug
08:15:56.116 [main] DEBUG log4j.TestLogMain - Isto é um teste debug
08:15:56.116 [main] INFO  log4j.TestLogMain - Isto é um teste info
08:15:56.116 [main] WARN  log4j.TestLogMain - Isto é um teste debug
08:15:56.116 [main] ERROR log4j.TestLogMain - Isto é um teste error
08:15:56.116 [main] FATAL log4j.TestLogMain - Isto é um teste fatal
08:15:56.116 [main] TRACE log4j.TestLogMain - Isto é um teste debug
08:15:56.116 [main] DEBUG log4j.TestLogMain - Isto é um teste debug
08:15:56.116 [main] INFO  log4j.TestLogMain - Isto é um teste info
08:15:56.116 [main] WARN  log4j.TestLogMain - Isto é um teste debug
08:15:56.116 [main] ERROR log4j.TestLogMain - Isto é um teste error
08:15:56.116 [main] FATAL log4j.TestLogMain - Isto é um teste fatal
08:15:56.116 [main] TRACE log4j.TestLogMain - Isto é um teste debug
08:15:56.116 [main] DEBUG log4j.TestLogMain - Isto é um teste debug
08:15:56.116 [main] INFO  log4j.TestLogMain - Isto é um teste info
08:15:56.116 [main] WARN  log4j.TestLogMain - Isto é um teste debug
08:15:56.116 [main] ERROR log4j.TestLogMain - Isto é um teste error
08:15:56.116 [main] FATAL log4j.TestLogMain - Isto é um teste fatal
